c:\users\isaac\desktop\nosferatu\nosferatu\nosferatu\x64\release\vc143.pdb
c:\users\isaac\desktop\nosferatu\nosferatu\nosferatu\x64\release\library.obj
c:\users\isaac\desktop\nosferatu\nosferatu\nosferatu\x64\release\installhook.obj
c:\users\isaac\desktop\nosferatu\nosferatu\nosferatu\x64\release\hooksamiretrievemultipleprimarycredentials.obj
c:\users\isaac\desktop\nosferatu\nosferatu\nosferatu\x64\release\hookmsvppvalidate.obj
c:\users\isaac\desktop\nosferatu\nosferatu\nosferatu\x64\release\hookcdlocatecsystem.obj
c:\users\isaac\desktop\nosferatu\nosferatu\nosferatu\x64\release\handle.obj
c:\users\isaac\desktop\nosferatu\nosferatu\nosferatu\x64\release\dllmain.obj
c:\users\isaac\desktop\nosferatu\nosferatu\nosferatu\x64\release\modules.obj
c:\users\isaac\desktop\nosferatu\nosferatu\nosferatu\x64\release\image.obj
c:\users\isaac\desktop\nosferatu\nosferatu\nosferatu\x64\release\disasm.obj
c:\users\isaac\desktop\nosferatu\nosferatu\nosferatu\x64\release\detours.obj
c:\users\isaac\desktop\nosferatu\nosferatu\x64\release\nosferatu.dll
c:\users\isaac\desktop\nosferatu\nosferatu\x64\release\nosferatu.pdb
c:\users\isaac\desktop\nosferatu\nosferatu\x64\release\nosferatu.lib
c:\users\isaac\desktop\nosferatu\nosferatu\x64\release\nosferatu.exp
c:\users\isaac\desktop\nosferatu\nosferatu\nosferatu\x64\release\nosferatu.ipdb
c:\users\isaac\desktop\nosferatu\nosferatu\nosferatu\x64\release\nosferatu.iobj
c:\users\isaac\desktop\nosferatu\nosferatu\nosferatu\x64\release\nosferatu.tlog\cl.command.1.tlog
c:\users\isaac\desktop\nosferatu\nosferatu\nosferatu\x64\release\nosferatu.tlog\cl.items.tlog
c:\users\isaac\desktop\nosferatu\nosferatu\nosferatu\x64\release\nosferatu.tlog\cl.read.1.tlog
c:\users\isaac\desktop\nosferatu\nosferatu\nosferatu\x64\release\nosferatu.tlog\cl.write.1.tlog
c:\users\isaac\desktop\nosferatu\nosferatu\nosferatu\x64\release\nosferatu.tlog\link.command.1.tlog
c:\users\isaac\desktop\nosferatu\nosferatu\nosferatu\x64\release\nosferatu.tlog\link.read.1.tlog
c:\users\isaac\desktop\nosferatu\nosferatu\nosferatu\x64\release\nosferatu.tlog\link.secondary.1.tlog
c:\users\isaac\desktop\nosferatu\nosferatu\nosferatu\x64\release\nosferatu.tlog\link.write.1.tlog
